Finish interpreting at Thu Dec 12 15:23:19 2024

Count   ElapsedTime   TypeName
[   1]  [    485]ms   AccumForceCoef
[   1]  [     18]ms   AccumForceCoefOutput
[   8]  [      0]ms   BoxMark
[   1]  [   4803]ms   BuildRankPMaskMpi
[   1]  [     13]ms   BuildSolverComm
[   1]  [   8505]ms   CalFrontalArea
[   1]  [    255]ms   CarPtSet
[   1]  [  32160]ms   CartGrid
[   1]  [      0]ms   CheckConfig
[   1]  [ 266719]ms   ConnectedDomainWithBoundary
[   3]  [     11]ms   ConstFun
[   1]  [      0]ms   D3Q19
[   1]  [      0]ms   DimensTrans
[   1]  [      0]ms   Equilibrium3rd
[   1]  [      0]ms   FillMethodFac
[   1]  [     37]ms   ForceMonitorNew
[   9]  [     28]ms   GenParentLayer
[   1]  [     61]ms   GenParentLayerVec
[   1]  [    236]ms   GpuMemOccupy
[   1]  [  10055]ms   InitFlowFieldMethod
[   2]  [  15492]ms   IntersectionSys
[  30]  [      0]ms   Load
[   1]  [      0]ms   MovWallModelMethodNewFac
[  20]  [  28176]ms   Multiple
[  15]  [     51]ms   Object
[   1]  [      0]ms   OriginalParams
[   2]  [     23]ms   PieceFun
[   1]  [      0]ms   PlaneStlIO
[   1]  [      4]ms   PreprocessingSummaryGpu
[   1]  [      7]ms   PreprocessingSummaryMGpu
[   1]  [      9]ms   PrintAvgCoef
[   1]  [     10]ms   PrintInstCoef
[   1]  [      4]ms   PrintRunningTimeGpu
[   1]  [      0]ms   ProductInfo
[   1]  [   1285]ms   RealIntersection
[   1]  [ 249102]ms   RealIntersectionMap
[   1]  [      0]ms   RectangularCoord
[   4]  [      0]ms   RotWallModelMethodNewFac
[   1]  [      0]ms   SSSKernelMethodFac
[   1]  [     38]ms   Select
[   1]  [     68]ms   SelectLayerPtSet
[   1]  [1188692]ms   SequenceM
[   1]  [  32165]ms   SimpleCartGrid
[   1]  [ 176094]ms   SolverISSMpi
[   1]  [      5]ms   SolverInterface
[   1]  [      0]ms   StlBoxGeo
[   2]  [ 156966]ms   StlIOGroup
[   1]  [      3]ms   StlMark
[   6]  [  28173]ms   Switch
[   8]  [    120]ms   TimeKeeperSec
[   1]  [ 233939]ms   TimeSequence
[   1]  [ 233943]ms   TimeSequenceM
[   1]  [      6]ms   UiToCore
[   1]  [  17535]ms   UnionIntersectionSys
[   2]  [      0]ms   UniversalGeo
[   1]  [  26552]ms   VtkInstFieldDataOutputGroup
[   1]  [      0]ms   VtkReconstruct
[   1]  [      4]ms   VtkReconstructM
[   1]  [ 207174]ms   VtkStatisticFieldDataOutputGroup
[   1]  [      0]ms   WallModelMethodNewFac
[   4]  [  14024]ms   WheelRotationParameter
[   1]  [      6]ms   WriteSummaryGpu
[   1]  [     10]ms   WriteSummaryMGpu
