Finish interpreting at Fri Nov 29 18:05:13 2024

Count   ElapsedTime   TypeName
[   1]  [    531]ms   AccumForceCoef
[   1]  [      2]ms   AccumForceCoefOutput
[   8]  [      0]ms   BoxMark
[   1]  [   5057]ms   BuildRankPMaskMpi
[   1]  [      4]ms   BuildSolverComm
[   1]  [  10191]ms   CalFrontalArea
[   1]  [    264]ms   CarPtSet
[   1]  [  37360]ms   CartGrid
[   1]  [      1]ms   CheckConfig
[   1]  [ 482156]ms   ConnectedDomainWithBoundary
[   3]  [      5]ms   ConstFun
[   1]  [      0]ms   D3Q19
[   1]  [      0]ms   DimensTrans
[   1]  [      0]ms   Equilibrium3rd
[   1]  [      0]ms   FillMethodFac
[   1]  [      5]ms   ForceMonitorNew
[   9]  [      0]ms   GenParentLayer
[   1]  [      0]ms   GenParentLayerVec
[   1]  [    231]ms   GpuMemOccupy
[   1]  [  10408]ms   InitFlowFieldMethod
[   2]  [  19460]ms   IntersectionSys
[  30]  [      0]ms   Load
[   1]  [      1]ms   MovWallModelMethodNewFac
[  20]  [  29063]ms   Multiple
[  15]  [     12]ms   Object
[   1]  [      0]ms   OriginalParams
[   2]  [      8]ms   PieceFun
[   1]  [      1]ms   PlaneStlIO
[   1]  [      1]ms   PreprocessingSummaryGpu
[   1]  [      2]ms   PreprocessingSummaryMGpu
[   1]  [      1]ms   PrintAvgCoef
[   1]  [      1]ms   PrintInstCoef
[   1]  [      1]ms   PrintRunningTimeGpu
[   1]  [      0]ms   ProductInfo
[   1]  [   2155]ms   RealIntersection
[   1]  [ 313381]ms   RealIntersectionMap
[   1]  [      0]ms   RectangularCoord
[   4]  [      4]ms   RotWallModelMethodNewFac
[   1]  [      0]ms   SSSKernelMethodFac
[   1]  [      6]ms   Select
[   1]  [     74]ms   SelectLayerPtSet
[   1]  [2010758]ms   SequenceM
[   1]  [  37361]ms   SimpleCartGrid
[   1]  [ 185069]ms   SolverISSMpi
[   1]  [      2]ms   SolverInterface
[   1]  [      0]ms   StlBoxGeo
[   2]  [ 283834]ms   StlIOGroup
[   1]  [      0]ms   StlMark
[   6]  [  28906]ms   Switch
[   8]  [     21]ms   TimeKeeperSec
[   1]  [ 627670]ms   TimeSequence
[   1]  [ 627672]ms   TimeSequenceM
[   1]  [      1]ms   UiToCore
[   1]  [  17578]ms   UnionIntersectionSys
[   2]  [      0]ms   UniversalGeo
[   1]  [  26058]ms   VtkInstFieldDataOutputGroup
[   1]  [      0]ms   VtkReconstruct
[   1]  [      2]ms   VtkReconstructM
[   1]  [ 601567]ms   VtkStatisticFieldDataOutputGroup
[ 124]  [    124]ms   WallModelMethodNewFac
[   4]  [  14433]ms   WheelRotationParameter
[   1]  [      2]ms   WriteSummaryGpu
[   1]  [      4]ms   WriteSummaryMGpu
