Start interpreting at Fri Nov 29 17:31:43 2024

[occupyGPUMem : GpuMemOccupy] takes [231] ms.
[innerMostCoord : RectangularCoord] takes [0] ms.
[dimensTrans : DimensTrans] takes [0] ms.
[productInfo : ProductInfo] takes [0] ms.
[bottom : PlaneStlIO] takes [1] ms.
[parts : StlIOGroup] takes [283833] ms.
[shapes : StlIOGroup] takes [1] ms.
[selectFrom : Object] takes [2] ms.
[level_8 : Object] takes [0] ms.
[refinement : Object] takes [1] ms.
[stationary_wall : Object] takes [0] ms.
[RotationSet : Object] takes [0] ms.
[RotationSet_1 : Object] takes [0] ms.
[RotationSet_2 : Object] takes [0] ms.
[RotationSet_3 : Object] takes [0] ms.
[wheel : Object] takes [0] ms.
[geometries : Object] takes [2] ms.
[geometries : Select] takes [6] ms.
[frontalArea : CalFrontalArea] takes [10191] ms.
[r0 : BoxMark] takes [0] ms.
[layer0 : GenParentLayer] takes [0] ms.
[box0 : BoxMark] takes [0] ms.
[level_1 : GenParentLayer] takes [0] ms.
[box0 : BoxMark] takes [0] ms.
[level_2 : GenParentLayer] takes [0] ms.
[box0 : BoxMark] takes [0] ms.
[level_3 : GenParentLayer] takes [0] ms.
[box0 : BoxMark] takes [0] ms.
[level_4 : GenParentLayer] takes [0] ms.
[box0 : BoxMark] takes [0] ms.
[level_5 : GenParentLayer] takes [0] ms.
[box0 : BoxMark] takes [0] ms.
[box1 : BoxMark] takes [0] ms.
[level_6 : GenParentLayer] takes [0] ms.
[level_7 : GenParentLayer] takes [0] ms.
[stl : Load] takes [0] ms.
[bodyFit : StlMark] takes [0] ms.
[level_8 : GenParentLayer] takes [0] ms.
[layers : GenParentLayerVec] takes [0] ms.
[cartGrid : CartGrid] takes [37360] ms.
[cartGrid : SimpleCartGrid] takes [37361] ms.
[checkConfig : CheckConfig] takes [1] ms.
[lattice : D3Q19] takes [0] ms.
[partsWoPorous : Object] takes [1] ms.
[realIntsectConn : RealIntersectionMap] takes [313381] ms.
[realIntsectBottom : RealIntersection] takes [2155] ms.
[realIntersection : Load] takes [0] ms.
[bcIntsectSys1 : IntersectionSys] takes [19061] ms.
[realIntersection : Load] takes [0] ms.
[bcIntsectSys2 : IntersectionSys] takes [399] ms.
[bcIntsectSys : UnionIntersectionSys] takes [17578] ms.
[realIntersection : Load] takes [0] ms.
[connectedDomain : ConnectedDomainWithBoundary] takes [482156] ms.
[domainLayerPtSet : Load] takes [0] ms.
[selectedDomain : SelectLayerPtSet] takes [74] ms.
[ptSet : Load] takes [0] ms.
[layerRankPMask : BuildRankPMaskMpi] takes [5057] ms.
[porousPtSet : Multiple] takes [1] ms.
[carPtSet : CarPtSet] takes [264] ms.
[computeEq : Equilibrium3rd] takes [0] ms.
[default : OriginalParams] takes [0] ms.
[optParams : Switch] takes [1] ms.
[fillFac : FillMethodFac] takes [0] ms.
[2nd_Row_Armrest_Down : WallModelMethodNewFac] takes [1] ms.
[2nd_Row_Armrest_Down_Lid_Down : WallModelMethodNewFac] takes [1] ms.
[2nd_Row_Armrest_Down_Lid_Up : WallModelMethodNewFac] takes [1] ms.
[2nd_Row_Floor_Mat : WallModelMethodNewFac] takes [1] ms.
[2nd_Row_Middle_Headrest up : WallModelMethodNewFac] takes [1] ms.
[Accelerator_Pedal : WallModelMethodNewFac] takes [1] ms.
[Accelerator_Pedal_On : WallModelMethodNewFac] takes [1] ms.
[Aeroshields : WallModelMethodNewFac] takes [1] ms.
[Antenna : WallModelMethodNewFac] takes [1] ms.
[BIW : WallModelMethodNewFac] takes [1] ms.
[Brake_Pedal : WallModelMethodNewFac] takes [1] ms.
[Brake_Pedal_On : WallModelMethodNewFac] takes [1] ms.
[Centerconsole_Opened : WallModelMethodNewFac] takes [1] ms.
[Day_Time_Light_Bar : WallModelMethodNewFac] takes [1] ms.
[Driver_Door : WallModelMethodNewFac] takes [1] ms.
[Driver_Door_Glass : WallModelMethodNewFac] takes [1] ms.
[Driver_Door_Mirror : WallModelMethodNewFac] takes [1] ms.
[Driver_Door_Quarterglass_Blackband : WallModelMethodNewFac] takes [1] ms.
[Driver_Door_Quarterglass_Vision_Area : WallModelMethodNewFac] takes [1] ms.
[Driver_Hinges : WallModelMethodNewFac] takes [1] ms.
[Driver_Seat_Back : WallModelMethodNewFac] takes [1] ms.
[Driver_Seat_Belt_Lock : WallModelMethodNewFac] takes [1] ms.
[Driver_Seat_Cushion : WallModelMethodNewFac] takes [1] ms.
[Driver_Seat_Drawer : WallModelMethodNewFac] takes [1] ms.
[Driver_Seat_Frame : WallModelMethodNewFac] takes [1] ms.
[Driver_Seat_Trim : WallModelMethodNewFac] takes [1] ms.
[Driver_Side_Visor : WallModelMethodNewFac] takes [1] ms.
[Electric_Lid : WallModelMethodNewFac] takes [1] ms.
[FL_Door_Sealing : WallModelMethodNewFac] takes [1] ms.
[FL_Fender : WallModelMethodNewFac] takes [1] ms.
[FL_Floor_Mat : WallModelMethodNewFac] takes [1] ms.
[FL_Seat_Belt : WallModelMethodNewFac] takes [1] ms.
[FL_Wheelhouse_Liner : WallModelMethodNewFac] takes [1] ms.
[FR_Door_Sealing : WallModelMethodNewFac] takes [1] ms.
[FR_Fender : WallModelMethodNewFac] takes [1] ms.
[FR_Floor_Mat : WallModelMethodNewFac] takes [1] ms.
[FR_Seat_Belt : WallModelMethodNewFac] takes [1] ms.
[FR_Wheelhouse_Liner : WallModelMethodNewFac] takes [1] ms.
[Floor : WallModelMethodNewFac] takes [1] ms.
[Front_Bumper : WallModelMethodNewFac] takes [1] ms.
[GEAR_Tunnel : WallModelMethodNewFac] takes [1] ms.
[Headliner : WallModelMethodNewFac] takes [1] ms.
[Hood : WallModelMethodNewFac] takes [1] ms.
[Hood_Hinges : WallModelMethodNewFac] takes [1] ms.
[IP : WallModelMethodNewFac] takes [1] ms.
[IP_Centerconsole_Lid : WallModelMethodNewFac] takes [1] ms.
[IP_Steering_Wheel_System : WallModelMethodNewFac] takes [1] ms.
[Left_A-Pillar_Exterior_Trim : WallModelMethodNewFac] takes [1] ms.
[Left_GEAR_Tunnel_Seal : WallModelMethodNewFac] takes [1] ms.
[Left_Headlight : WallModelMethodNewFac] takes [1] ms.
[Left_Rocker_Panel_Seal : WallModelMethodNewFac] takes [1] ms.
[Left_Side_Trims : WallModelMethodNewFac] takes [1] ms.
[Left_Storage_Door_Closed : WallModelMethodNewFac] takes [1] ms.
[Left_Taillight : WallModelMethodNewFac] takes [1] ms.
[Passenger_Door : WallModelMethodNewFac] takes [1] ms.
[Passenger_Door_Glass : WallModelMethodNewFac] takes [1] ms.
[Passenger_Door_Hinges : WallModelMethodNewFac] takes [1] ms.
[Passenger_Door_Mirror : WallModelMethodNewFac] takes [1] ms.
[Passenger_Door_Quarterglass_Blackband : WallModelMethodNewFac] takes [1] ms.
[Passenger_Door_Quarterglass_Vision : WallModelMethodNewFac] takes [1] ms.
[Passenger_Seat_Back : WallModelMethodNewFac] takes [1] ms.
[Passenger_Seat_Belt_Lock : WallModelMethodNewFac] takes [1] ms.
[Passenger_Seat_Cushion : WallModelMethodNewFac] takes [1] ms.
[Passenger_Seat_Drawer : WallModelMethodNewFac] takes [1] ms.
[Passenger_Seat_Frame : WallModelMethodNewFac] takes [1] ms.
[Passenger_Seat_Trim : WallModelMethodNewFac] takes [1] ms.
[Passenger_Side_Visor : WallModelMethodNewFac] takes [1] ms.
[RL_Door : WallModelMethodNewFac] takes [1] ms.
[RL_Door_Glass : WallModelMethodNewFac] takes [1] ms.
[RL_Door_Hinges : WallModelMethodNewFac] takes [1] ms.
[RL_Door_Sealing : WallModelMethodNewFac] takes [1] ms.
[RL_Fender : WallModelMethodNewFac] takes [1] ms.
[RL_Seat_Belt : WallModelMethodNewFac] takes [1] ms.
[RL_Wheelhouse_Liner : WallModelMethodNewFac] takes [1] ms.
[RM_Seat_Belt : WallModelMethodNewFac] takes [1] ms.
[RR_Door : WallModelMethodNewFac] takes [1] ms.
[RR_Door_Glass : WallModelMethodNewFac] takes [1] ms.
[RR_Door_Hinges : WallModelMethodNewFac] takes [1] ms.
[RR_Door_Sealing : WallModelMethodNewFac] takes [1] ms.
[RR_Fender : WallModelMethodNewFac] takes [1] ms.
[RR_Seat_Belt : WallModelMethodNewFac] takes [1] ms.
[RR_Wheelhouse_Liner : WallModelMethodNewFac] takes [1] ms.
[Rear View Mirror : WallModelMethodNewFac] takes [1] ms.
[Rear_Bumper : WallModelMethodNewFac] takes [1] ms.
[Rear_Row_Middle_Headrest : WallModelMethodNewFac] takes [1] ms.
[Rear_Row_Seat_Back : WallModelMethodNewFac] takes [1] ms.
[Rear_Seat_Left_Cushion : WallModelMethodNewFac] takes [1] ms.
[Rear_Seat_Left_Headrest : WallModelMethodNewFac] takes [1] ms.
[Rear_Seat_Middle_Armrest : WallModelMethodNewFac] takes [1] ms.
[Rear_Seat_Right_Cushion : WallModelMethodNewFac] takes [1] ms.
[Rear_Seat_Right_Headrest : WallModelMethodNewFac] takes [1] ms.
[Rear_Storage : WallModelMethodNewFac] takes [1] ms.
[Rear_Wall : WallModelMethodNewFac] takes [1] ms.
[Rear_Window_Blackband_Area : WallModelMethodNewFac] takes [1] ms.
[Rear_Window_Dotted_Area : WallModelMethodNewFac] takes [1] ms.
[Rear_Window_Vision : WallModelMethodNewFac] takes [1] ms.
[Right_A-Pillar_Exterior_Trim : WallModelMethodNewFac] takes [1] ms.
[Right_GEAR_Tunnel_Seal : WallModelMethodNewFac] takes [1] ms.
[Right_Headlight : WallModelMethodNewFac] takes [1] ms.
[Right_Rocker_Panel_Seal : WallModelMethodNewFac] takes [1] ms.
[Right_Side_Trims : WallModelMethodNewFac] takes [1] ms.
[Right_Storage_Door_Closed : WallModelMethodNewFac] takes [1] ms.
[Right_Taillight : WallModelMethodNewFac] takes [1] ms.
[Roof_Racks : WallModelMethodNewFac] takes [1] ms.
[Spoiler : WallModelMethodNewFac] takes [1] ms.
[Sunroof : WallModelMethodNewFac] takes [1] ms.
[Tailgate : WallModelMethodNewFac] takes [1] ms.
[Tailgate_Hinges : WallModelMethodNewFac] takes [1] ms.
[Tonneau_Cover : WallModelMethodNewFac] takes [1] ms.
[Tonneau_Cover_Closed : WallModelMethodNewFac] takes [1] ms.
[Truck_Bed_Floor : WallModelMethodNewFac] takes [1] ms.
[Truck_Bed_Front_Panel : WallModelMethodNewFac] takes [1] ms.
[Truck_Bed_Left_Panel : WallModelMethodNewFac] takes [1] ms.
[Truck_Bed_Removable_Floor : WallModelMethodNewFac] takes [1] ms.
[Truck_Bed_Right_Panel : WallModelMethodNewFac] takes [1] ms.
[Truck_Bed_Storage_Divider : WallModelMethodNewFac] takes [1] ms.
[Truck_Bed_Trims : WallModelMethodNewFac] takes [1] ms.
[Underbody : WallModelMethodNewFac] takes [1] ms.
[Underhood : WallModelMethodNewFac] takes [1] ms.
[Underhood_Floor : WallModelMethodNewFac] takes [1] ms.
[Windshield_Blackband : WallModelMethodNewFac] takes [1] ms.
[Windshield_Dotted_Area : WallModelMethodNewFac] takes [1] ms.
[Windshield_System : WallModelMethodNewFac] takes [1] ms.
[Windshield_Vision_Area : WallModelMethodNewFac] takes [1] ms.
[stationaryWallBcFac : Multiple] takes [147] ms.
[porousStationaryWallBcFac : Multiple] takes [0] ms.
[bottom : MovWallModelMethodNewFac] takes [1] ms.
[bottomBcFac : Object] takes [2] ms.
[target : Load] takes [0] ms.
[autoWheelSetting : WheelRotationParameter] takes [3606] ms.
[FL_wheel : RotWallModelMethodNewFac] takes [1] ms.
[true : Multiple] takes [3610] ms.
[RotationSet : Switch] takes [3611] ms.
[target : Load] takes [0] ms.
[autoWheelSetting : WheelRotationParameter] takes [3597] ms.
[RL_wheel : RotWallModelMethodNewFac] takes [1] ms.
[true : Multiple] takes [3600] ms.
[RotationSet_1 : Switch] takes [3601] ms.
[target : Load] takes [0] ms.
[autoWheelSetting : WheelRotationParameter] takes [3600] ms.
[FR_wheel : RotWallModelMethodNewFac] takes [1] ms.
[true : Multiple] takes [3603] ms.
[RotationSet_2 : Switch] takes [3604] ms.
[target : Load] takes [0] ms.
[autoWheelSetting : WheelRotationParameter] takes [3630] ms.
[RR_wheel : RotWallModelMethodNewFac] takes [1] ms.
[true : Multiple] takes [3633] ms.
[RotationSet_3 : Switch] takes [3634] ms.
[true : Multiple] takes [14454] ms.
[wheelBcFac : Switch] takes [14455] ms.
[intersectionSys : Load] takes [0] ms.
[bcFactory : Object] takes [2] ms.
[porousBcFactory : Multiple] takes [0] ms.
[occupyGPUMem : Object] takes [1] ms.
[kernelFactory : SSSKernelMethodFac] takes [0] ms.
[ptSet : Load] takes [0] ms.
[bcFactory : Load] takes [0] ms.
[solverFluid : SolverISSMpi] takes [185069] ms.
[kernelPorous : Multiple] takes [1] ms.
[solverPorous : Multiple] takes [1] ms.
[solverGroup : Object] takes [1] ms.
[solver : Load] takes [0] ms.
[solverFluid : SolverInterface] takes [2] ms.
[solverObj : Multiple] takes [3] ms.
[solverComm : BuildSolverComm] takes [4] ms.
[layerFieldData : Load] takes [0] ms.
[initSolver : Load] takes [0] ms.
[geo : StlBoxGeo] takes [0] ms.
[piece1 : ConstFun] takes [2] ms.
[geo : UniversalGeo] takes [0] ms.
[piece2 : ConstFun] takes [1] ms.
[initCond : PieceFun] takes [5] ms.
[flowField : InitFlowFieldMethod] takes [10408] ms.
[geo : UniversalGeo] takes [0] ms.
[piece1 : ConstFun] takes [2] ms.
[initCond : PieceFun] takes [3] ms.
[porousField : Multiple] takes [5] ms.
[allLayerFieldData : Load] takes [0] ms.
[bcFactory : Load] takes [0] ms.
[fluidAccumForce : AccumForceCoef] takes [531] ms.
[porousAccumForce : Multiple] takes [1] ms.
[layerFieldData : Load] takes [0] ms.
[preprocessingSummaryGpu : PreprocessingSummaryGpu] takes [1] ms.
[preprocessingSummaryGpu : PreprocessingSummaryMGpu] takes [2] ms.
[advance : Load] takes [0] ms.
[solverCollision : TimeKeeperSec] takes [1] ms.
[solverPorousCollision : Multiple] takes [0] ms.
[advance : Load] takes [0] ms.
[solverStream : TimeKeeperSec] takes [1] ms.
[solverPorousStream : Multiple] takes [0] ms.
[allLayerFieldData : Load] takes [0] ms.
[bcFactory : Load] takes [0] ms.
[advance : ForceMonitorNew] takes [5] ms.
[MonitorForceTool : TimeKeeperSec] takes [6] ms.
[MonitorForcePorousTool : Multiple] takes [1] ms.
[allLayerFieldData : Load] takes [0] ms.
[instFieldDataOutputGrp1 : VtkInstFieldDataOutputGroup] takes [26058] ms.
[allLayerFieldData : Load] takes [0] ms.
[statisticFieldDataOutputGrp1 : VtkStatisticFieldDataOutputGroup] takes [601567] ms.
[instPorousOutputGrp : Multiple] takes [1] ms.
[statisticPorousOutputGrp : Multiple] takes [1] ms.
[fluidPart : Load] takes [0] ms.
[porousPart : Load] takes [0] ms.
[advance : AccumForceCoefOutput] takes [2] ms.
[ForceDevelopTool : TimeKeeperSec] takes [4] ms.
[layerFieldData : Load] takes [0] ms.
[advance : PrintRunningTimeGpu] takes [1] ms.
[printRunningTime : TimeKeeperSec] takes [3] ms.
[advance : PrintInstCoef] takes [1] ms.
[printInstCoef : TimeKeeperSec] takes [2] ms.
[advance : PrintAvgCoef] takes [1] ms.
[printAvgCoef : TimeKeeperSec] takes [2] ms.
[pointMonitorGrp : Multiple] takes [1] ms.
[layerFieldData : Load] takes [0] ms.
[advance : UiToCore] takes [1] ms.
[uiToCore : TimeKeeperSec] takes [2] ms.
[timeSequence : TimeSequence] takes [627670] ms.
[dummy : TimeSequenceM] takes [627672] ms.
[layerFieldData : Load] takes [0] ms.
[writeSummaryGpu : WriteSummaryGpu] takes [2] ms.
[writeSummaryGpu : WriteSummaryMGpu] takes [4] ms.
[vtkReconstruct : VtkReconstruct] takes [0] ms.
[vtkReconstruct : VtkReconstructM] takes [2] ms.
[methods : SequenceM] takes [2010758] ms.
