Finish interpreting at Sat Dec 14 17:18:04 2024

Count   ElapsedTime   TypeName
[   1]  [     87]ms   AccumForceCoef
[   1]  [     16]ms   AccumForceCoefOutput
[   8]  [      0]ms   BoxMark
[   1]  [   2399]ms   BuildRankPMaskMpi
[   1]  [     13]ms   BuildSolverComm
[   1]  [    182]ms   CalFrontalArea
[   1]  [    144]ms   CarPtSet
[   1]  [  12433]ms   CartGrid
[   1]  [      0]ms   CheckConfig
[   1]  [  15656]ms   ConnectedDomainWithBoundary
[   3]  [     12]ms   ConstFun
[   1]  [      0]ms   D3Q19
[   1]  [      0]ms   DimensTrans
[   1]  [      0]ms   Equilibrium3rd
[   1]  [      0]ms   FillMethodFac
[   1]  [     37]ms   ForceMonitorNew
[   9]  [     24]ms   GenParentLayer
[   1]  [     56]ms   GenParentLayerVec
[   1]  [    226]ms   GpuMemOccupy
[   1]  [   2749]ms   InitFlowFieldMethod
[   2]  [   4252]ms   IntersectionSys
[  30]  [      0]ms   Load
[   1]  [      0]ms   MovWallModelMethodNewFac
[  20]  [   4000]ms   Multiple
[  15]  [     45]ms   Object
[   1]  [      0]ms   OriginalParams
[   2]  [     23]ms   PieceFun
[   1]  [      1]ms   PlaneStlIO
[   1]  [      4]ms   PreprocessingSummaryGpu
[   1]  [      8]ms   PreprocessingSummaryMGpu
[   1]  [      9]ms   PrintAvgCoef
[   1]  [     10]ms   PrintInstCoef
[   1]  [      4]ms   PrintRunningTimeGpu
[   1]  [      0]ms   ProductInfo
[   1]  [   1746]ms   RealIntersection
[   1]  [   7514]ms   RealIntersectionMap
[   1]  [      0]ms   RectangularCoord
[   4]  [      0]ms   RotWallModelMethodNewFac
[   1]  [      0]ms   SSSKernelMethodFac
[   1]  [     31]ms   Select
[   1]  [     28]ms   SelectLayerPtSet
[   1]  [ 148907]ms   SequenceM
[   1]  [  12438]ms   SimpleCartGrid
[   1]  [  69436]ms   SolverISSMpi
[   1]  [      5]ms   SolverInterface
[   1]  [      0]ms   StlBoxGeo
[   2]  [   1752]ms   StlIOGroup
[   1]  [      3]ms   StlMark
[   6]  [   3997]ms   Switch
[   8]  [    121]ms   TimeKeeperSec
[   1]  [  21734]ms   TimeSequence
[   1]  [  21738]ms   TimeSequenceM
[   1]  [      9]ms   UiToCore
[   1]  [   4984]ms   UnionIntersectionSys
[   2]  [      0]ms   UniversalGeo
[   1]  [  10537]ms   VtkInstFieldDataOutputGroup
[   1]  [      0]ms   VtkReconstruct
[   1]  [      4]ms   VtkReconstructM
[   1]  [  10944]ms   VtkStatisticFieldDataOutputGroup
[   1]  [      0]ms   WallModelMethodNewFac
[   4]  [   1932]ms   WheelRotationParameter
[   1]  [      6]ms   WriteSummaryGpu
[   1]  [     10]ms   WriteSummaryMGpu
